app/build/outputs/logs/manifest-merger-debug-report.txt
-- Merging decision tree log ---
manifest
ADDED from AndroidManifest.xml:17:1
	package
		ADDED from AndroidManifest.xml:18:5
		INJECTED from AndroidManifest.xml:0:0
		INJECTED from AndroidManifest.xml:0:0
	android:versionName
		ADDED from AndroidManifest.xml:20:5
	android:versionCode
		ADDED from AndroidManifest.xml:19:5
		INJECTED from AndroidManifest.xml:0:0
		INJECTED from AndroidManifest.xml:0:0
	xmlns:android
		ADDED from AndroidManifest.xml:17:11
uses-sdk
ADDED from AndroidManifest.xml:22:5
MERGED from com.journeyapps:zxing-android-embedded:3.0.1:19:5
	android:targetSdkVersion
		INJECTED from AndroidManifest.xml:0:0
		INJECTED from AndroidManifest.xml:0:0
	android:minSdkVersion
		ADDED from AndroidManifest.xml:22:15
		INJECTED from AndroidManifest.xml:0:0
		INJECTED from AndroidManifest.xml:0:0
uses-permission#android.permission.INTERNET
ADDED from AndroidManifest.xml:23:5
	android:name
		ADDED from AndroidManifest.xml:23:22
application
ADDED from AndroidManifest.xml:25:5
MERGED from com.journeyapps:zxing-android-embedded:3.0.1:47:5
	android:label
		ADDED from AndroidManifest.xml:25:18
	android:icon
		ADDED from AndroidManifest.xml:26:9
	android:theme
		ADDED from AndroidManifest.xml:27:9
activity#com.example.android.foodstorm.MainActivity
ADDED from AndroidManifest.xml:29:9
	android:screenOrientation
		ADDED from AndroidManifest.xml:32:13
	android:label
		ADDED from AndroidManifest.xml:31:13
	android:name
		ADDED from AndroidManifest.xml:30:13
intent-filter#android.intent.action.MAIN+android.intent.category.LAUNCHER
ADDED from AndroidManifest.xml:33:13
action#android.intent.action.MAIN
ADDED from AndroidManifest.xml:34:17
	android:name
		ADDED from AndroidManifest.xml:34:25
category#android.intent.category.LAUNCHER
ADDED from AndroidManifest.xml:35:17
	android:name
		ADDED from AndroidManifest.xml:35:27
activity#com.example.android.foodstorm.RecipeDetailsActivity
ADDED from AndroidManifest.xml:38:3
	android:name
		ADDED from AndroidManifest.xml:38:13
activity#com.example.android.foodstorm.AddActivity
ADDED from AndroidManifest.xml:39:3
	android:name
		ADDED from AndroidManifest.xml:39:13
uses-permission#android.permission.CAMERA
ADDED from com.journeyapps:zxing-android-embedded:3.0.1:23:5
	android:name
		ADDED from com.journeyapps:zxing-android-embedded:3.0.1:23:22
uses-feature#android.hardware.camera
ADDED from com.journeyapps:zxing-android-embedded:3.0.1:26:5
	android:required
		ADDED from com.journeyapps:zxing-android-embedded:3.0.1:28:9
	android:name
		ADDED from com.journeyapps:zxing-android-embedded:3.0.1:27:9
uses-feature#android.hardware.camera.front
ADDED from com.journeyapps:zxing-android-embedded:3.0.1:29:5
	android:required
		ADDED from com.journeyapps:zxing-android-embedded:3.0.1:31:9
	android:name
		ADDED from com.journeyapps:zxing-android-embedded:3.0.1:30:9
uses-feature#android.hardware.camera.autofocus
ADDED from com.journeyapps:zxing-android-embedded:3.0.1:34:5
	android:required
		ADDED from com.journeyapps:zxing-android-embedded:3.0.1:36:9
	android:name
		ADDED from com.journeyapps:zxing-android-embedded:3.0.1:35:9
uses-feature#android.hardware.camera.flash
ADDED from com.journeyapps:zxing-android-embedded:3.0.1:37:5
	android:required
		ADDED from com.journeyapps:zxing-android-embedded:3.0.1:39:9
	android:name
		ADDED from com.journeyapps:zxing-android-embedded:3.0.1:38:9
uses-feature#android.hardware.screen.landscape
ADDED from com.journeyapps:zxing-android-embedded:3.0.1:40:5
	android:required
		ADDED from com.journeyapps:zxing-android-embedded:3.0.1:42:9
	android:name
		ADDED from com.journeyapps:zxing-android-embedded:3.0.1:41:9
uses-feature#android.hardware.wifi
ADDED from com.journeyapps:zxing-android-embedded:3.0.1:43:5
	android:required
		ADDED from com.journeyapps:zxing-android-embedded:3.0.1:45:9
	android:name
		ADDED from com.journeyapps:zxing-android-embedded:3.0.1:44:9
activity#com.journeyapps.barcodescanner.CaptureActivity
ADDED from com.journeyapps:zxing-android-embedded:3.0.1:48:9
	android:clearTaskOnLaunch
		ADDED from com.journeyapps:zxing-android-embedded:3.0.1:50:13
	android:screenOrientation
		ADDED from com.journeyapps:zxing-android-embedded:3.0.1:51:13
	android:stateNotNeeded
		ADDED from com.journeyapps:zxing-android-embedded:3.0.1:52:13
	android:windowSoftInputMode
		ADDED from com.journeyapps:zxing-android-embedded:3.0.1:54:13
	android:theme
		ADDED from com.journeyapps:zxing-android-embedded:3.0.1:53:13
	android:name
		ADDED from com.journeyapps:zxing-android-embedded:3.0.1:49:13